<?xml version="1.0" encoding="UTF-8"?>
<!-- Generated by org.testng.reporters.JUnitReportReporter -->
<testsuite hostname="YanJuns-MacBook-Pro.local" failures="0" tests="1" name="test.day4" time="0.006" errors="0" timestamp="2022-03-16T22:16:04 MYT" skipped="0">
  <testcase classname="test.day4" name="parameterization" time="0.006"/>
  <system-out/>
</testsuite> <!-- test.day4 -->
