<?xml version="1.0" encoding="UTF-8"?>
<!-- Generated by org.testng.reporters.JUnitReportReporter -->
<testsuite hostname="YanJuns-MacBook-Pro.local" failures="0" tests="5" name="test.day2" time="0.017" errors="0" timestamp="2022-03-16T21:48:12 MYT" skipped="0">
  <testcase classname="test.day2" name="thanks" time="0.002"/>
  <system-out/>
  <testcase classname="test.day2" name="hello" time="0.002"/>
  <system-out/>
  <testcase classname="test.day2" name="no" time="0.002"/>
  <system-out/>
  <testcase classname="test.day2" name="ok" time="0.009"/>
  <system-out/>
  <testcase classname="test.day2" name="bye" time="0.002"/>
  <system-out/>
</testsuite> <!-- test.day2 -->
