<?xml version="1.0" encoding="UTF-8"?>
<!-- Generated by org.testng.reporters.JUnitReportReporter -->
<testsuite hostname="YanJuns-MacBook-Pro.local" failures="0" tests="3" name="test.day3" time="0.044" errors="0" timestamp="2022-03-16T22:38:09 MYT" skipped="0">
  <testcase classname="test.day3" name="callDataProvider" time="0.003"/>
  <system-out/>
  <testcase classname="test.day3" name="callDataProvider" time="0.002"/>
  <system-out/>
  <testcase classname="test.day3" name="callDataProvider" time="0.039"/>
  <system-out/>
</testsuite> <!-- test.day3 -->
