<?xml version="1.0" encoding="UTF-8"?>
<!-- Generated by org.testng.reporters.JUnitReportReporter -->
<testsuite hostname="YanJuns-MacBook-Pro.local" failures="0" tests="1" name="test.day1" time="0.008" errors="0" timestamp="2022-03-16T21:31:23 MYT" skipped="0">
  <testcase classname="test.day1" name="webLogin" time="0.008"/>
  <system-out/>
</testsuite> <!-- test.day1 -->
