<?xml version="1.0" encoding="UTF-8"?>
<!-- Generated by org.testng.reporters.JUnitReportReporter -->
<testsuite hostname="YanJuns-MacBook-Pro.local" failures="0" tests="1" name="QAMavenProject.MavenJava.ExtentReportDemo" time="11.173" errors="0" timestamp="2022-03-22T22:08:24 MYT" skipped="0">
  <testcase classname="QAMavenProject.MavenJava.ExtentReportDemo" name="initialDemo" time="11.173"/>
  <system-out/>
</testsuite> <!-- QAMavenProject.MavenJava.ExtentReportDemo -->
