<?xml version="1.0" encoding="UTF-8"?>
<!-- Generated by org.testng.reporters.JUnitReportReporter -->
<testsuite skipped="0" hostname="YanJuns-MacBook-Pro.local" name="QAMavenProject.MavenJava.AppTest" tests="1" failures="0" timestamp="2022-03-21T22:08:03 MYT" time="0.028" errors="0">
  <testcase name="shouldAnswerWithTrue" time="0.028" classname="QAMavenProject.MavenJava.AppTest"/>
  <system-out/>
</testsuite> <!-- QAMavenProject.MavenJava.AppTest -->
