<?xml version="1.0" encoding="UTF-8"?>
<!-- Generated by org.testng.reporters.JUnitReportReporter -->
<testsuite skipped="0" hostname="YanJuns-MacBook-Pro.local" name="QAMavenProject.MavenJava.SeleniumTest" tests="2" failures="0" timestamp="2022-03-21T22:16:20 MYT" time="0.001" errors="0">
  <testcase name="browserAutomation1" time="0.000" classname="QAMavenProject.MavenJava.SeleniumTest"/>
  <system-out/>
  <testcase name="browserAutomation2" time="0.001" classname="QAMavenProject.MavenJava.SeleniumTest"/>
  <system-out/>
</testsuite> <!-- QAMavenProject.MavenJava.SeleniumTest -->
