<?xml version="1.0" encoding="UTF-8"?>
<!-- Generated by org.testng.reporters.JUnitReportReporter -->
<testsuite skipped="0" hostname="YanJuns-MacBook-Pro.local" name="QAMavenProject.MavenJava.AppiumTest" tests="2" failures="0" timestamp="2022-03-21T22:16:20 MYT" time="0.016" errors="0">
  <testcase name="mobileAutomation1" time="0.009" classname="QAMavenProject.MavenJava.AppiumTest"/>
  <system-out/>
  <testcase name="mobileAutomation2" time="0.007" classname="QAMavenProject.MavenJava.AppiumTest"/>
  <system-out/>
</testsuite> <!-- QAMavenProject.MavenJava.AppiumTest -->
