<?xml version="1.0" encoding="UTF-8"?>
<!-- Generated by org.testng.reporters.JUnitReportReporter -->
<testsuite skipped="0" hostname="YanJuns-MacBook-Pro.local" name="QAMavenProject.MavenJava.RESTAPITest" tests="2" failures="0" timestamp="2022-03-21T22:16:20 MYT" time="0.002" errors="0">
  <testcase name="jiraAutomation2" time="0.001" classname="QAMavenProject.MavenJava.RESTAPITest"/>
  <system-out/>
  <testcase name="jiraAutomation1" time="0.001" classname="QAMavenProject.MavenJava.RESTAPITest"/>
  <system-out/>
</testsuite> <!-- QAMavenProject.MavenJava.RESTAPITest -->
